<?xml version="1.0" encoding="UTF-8"?>
<coverage generated="1774901096499" clover="3.2.0">
  <project timestamp="1774901096499" name="All files">
    <metrics statements="12" coveredstatements="12" conditionals="11" coveredconditionals="11" methods="1" coveredmethods="1" elements="24" coveredelements="24" complexity="0" loc="12" ncloc="12" packages="1" files="1" classes="1"/>
    <file name="CalculadoraDeDesconto.js" path="C:\Users\Pichau\OneDrive\Documentos\Atividade github2\CalculadoraDeDesconto.js">
      <metrics statements="12" coveredstatements="12" conditionals="11" coveredconditionals="11" methods="1" coveredmethods="1"/>
      <line num="4" count="5" type="cond" truecount="2" falsecount="0"/>
      <line num="5" count="1" type="stmt"/>
      <line num="8" count="4" type="stmt"/>
      <line num="11" count="4" type="cond" truecount="4" falsecount="0"/>
      <line num="12" count="2" type="stmt"/>
      <line num="15" count="2" type="cond" truecount="2" falsecount="0"/>
      <line num="16" count="1" type="stmt"/>
      <line num="20" count="4" type="cond" truecount="2" falsecount="0"/>
      <line num="21" count="1" type="stmt"/>
      <line num="24" count="4" type="stmt"/>
      <line num="25" count="4" type="stmt"/>
      <line num="29" count="1" type="stmt"/>
    </file>
  </project>
</coverage>
