{"C:\\Users\\Pichau\\OneDrive\\Documentos\\Atividade github2\\CalculadoraDeDesconto.js": {"path":"C:\\Users\\Pichau\\OneDrive\\Documentos\\Atividade github2\\CalculadoraDeDesconto.js","statementMap":{"0":{"start":{"line":4,"column":4},"end":{"line":6,"column":5}},"1":{"start":{"line":5,"column":6},"end":{"line":5,"column":53}},"2":{"start":{"line":8,"column":19},"end":{"line":8,"column":20}},"3":{"start":{"line":11,"column":4},"end":{"line":17,"column":5}},"4":{"start":{"line":12,"column":6},"end":{"line":12,"column":22}},"5":{"start":{"line":15,"column":9},"end":{"line":17,"column":5}},"6":{"start":{"line":16,"column":6},"end":{"line":16,"column":22}},"7":{"start":{"line":20,"column":4},"end":{"line":22,"column":5}},"8":{"start":{"line":21,"column":6},"end":{"line":21,"column":23}},"9":{"start":{"line":24,"column":23},"end":{"line":24,"column":49}},"10":{"start":{"line":25,"column":4},"end":{"line":25,"column":22}},"11":{"start":{"line":29,"column":0},"end":{"line":29,"column":39}}},"fnMap":{"0":{"name":"(anonymous_0)","decl":{"start":{"line":2,"column":2},"end":{"line":2,"column":3}},"loc":{"start":{"line":2,"column":33},"end":{"line":26,"column":3}},"line":2}},"branchMap":{"0":{"loc":{"start":{"line":2,"column":18},"end":{"line":2,"column":31}},"type":"default-arg","locations":[{"start":{"line":2,"column":26},"end":{"line":2,"column":31}}],"line":2},"1":{"loc":{"start":{"line":4,"column":4},"end":{"line":6,"column":5}},"type":"if","locations":[{"start":{"line":4,"column":4},"end":{"line":6,"column":5}},{"start":{},"end":{}}],"line":4},"2":{"loc":{"start":{"line":11,"column":4},"end":{"line":17,"column":5}},"type":"if","locations":[{"start":{"line":11,"column":4},"end":{"line":17,"column":5}},{"start":{"line":15,"column":9},"end":{"line":17,"column":5}}],"line":11},"3":{"loc":{"start":{"line":11,"column":8},"end":{"line":11,"column":36}},"type":"binary-expr","locations":[{"start":{"line":11,"column":8},"end":{"line":11,"column":20}},{"start":{"line":11,"column":24},"end":{"line":11,"column":36}}],"line":11},"4":{"loc":{"start":{"line":15,"column":9},"end":{"line":17,"column":5}},"type":"if","locations":[{"start":{"line":15,"column":9},"end":{"line":17,"column":5}},{"start":{},"end":{}}],"line":15},"5":{"loc":{"start":{"line":20,"column":4},"end":{"line":22,"column":5}},"type":"if","locations":[{"start":{"line":20,"column":4},"end":{"line":22,"column":5}},{"start":{},"end":{}}],"line":20}},"s":{"0":5,"1":1,"2":4,"3":4,"4":2,"5":2,"6":1,"7":4,"8":1,"9":4,"10":4,"11":1},"f":{"0":5},"b":{"0":[4],"1":[1,4],"2":[2,2],"3":[4,3],"4":[1,1],"5":[1,3]},"_coverageSchema":"1a1c01bbd47fc00a2c39e90264f33305004495a9","hash":"3a5558e4e011ffe409ea5104f8fc264836094ea9"}
}
